*** Using Compiler 'V5.06 update 7 (build 960)', folder: 'D:\Program Files\Keil_v5\ARM\ARMCC\Bin'
*** Warning: You are compiling one or more files of source type C++ and have selected 'use MicroLIB'. MicroLIB does not support C++!
  
Build target '21_TigerArm'
compiling Service_RobotCtrl.cpp...
..\USP\Application\Service_MotoCtrl.h(140): warning:  #1035-D: single-precision operand implicitly converted to double-precision
  		if (fabs(set_target-stepping_target)>1e-5)
..\USP\Application\Service_MotoCtrl.h(304): warning:  #1300-D: getCurrentAngle inherits implicit virtual
    float getCurrentAngle()
..\USP\Application\Service_MotoCtrl.h(375): warning:  #1300-D: getCurrentAngle inherits implicit virtual
  		float getCurrentAngle()
..\USP\Application\Service_MotoCtrl.h(428): warning:  #1300-D: getCurrentAngle inherits implicit virtual
  		float getCurrentAngle()
..\USP\Application\Service_RelayCtrl.h(62): warning:  #1-D: last line of file ends without a newline
  extern Godzilla_Relay_Controller clamp_controller,hook_controller,card_controller;
..\USP\Application\Service_RobotCtrl.cpp(61): warning:  #177-D: variable "move_step"  was declared but never referenced
  		float move_step=0.02f;
..\USP\Application\Service_RobotCtrl.cpp(423): warning:  #1-D: last line of file ends without a newline
   }
..\USP\Application\Service_RobotCtrl.cpp(376): warning:  #177-D: variable "_xTicksToWait"  was declared but never referenced
  	static TickType_t _xTicksToWait = pdMS_TO_TICKS(1);
..\USP\Application\Service_RobotCtrl.cpp: 8 warnings, 0 errors
linking...
Program Size: Code=65216 RO-data=4308 RW-data=516 ZI-data=29484  
FromELF: creating hex file...
"21_TigerArm\21_TigerArm.axf" - 0 Error(s), 8 Warning(s).
Build Time Elapsed:  00:00:04
